  [1m[35m (0.7ms)[0m  [1m[34mSELECT sqlite_version(*)[0m
  ↳ /Users/yumei-newmbp/.rbenv/versions/2.5.1/bin/rake:23
  [1m[35m (2.0ms)[0m  [1m[35mCREATE TABLE "schema_migrations" ("version" varchar NOT NULL PRIMARY KEY)[0m
  ↳ /Users/yumei-newmbp/.rbenv/versions/2.5.1/bin/rake:23
  [1m[35m (1.8ms)[0m  [1m[35mCREATE TABLE "ar_internal_metadata" ("key" varchar NOT NULL PRIMARY KEY, "value" varchar, "created_at" datetime NOT NULL, "updated_at" datetime NOT NULL)[0m
  ↳ /Users/yumei-newmbp/.rbenv/versions/2.5.1/bin/rake:23
  [1m[36mActiveRecord::InternalMetadata Load (0.2ms)[0m  [1m[34mSELECT  "ar_internal_metadata".* FROM "ar_internal_metadata" WHERE "ar_internal_metadata"."key" = ? LIMIT ?[0m  [["key", "environment"], ["LIMIT", 1]]
  ↳ /Users/yumei-newmbp/.rbenv/versions/2.5.1/bin/rake:23
  [1m[35m (0.1ms)[0m  [1m[36mbegin transaction[0m
  ↳ /Users/yumei-newmbp/.rbenv/versions/2.5.1/bin/rake:23
  [1m[36mActiveRecord::InternalMetadata Create (0.4ms)[0m  [1m[32mINSERT INTO "ar_internal_metadata" ("key", "value", "created_at", "updated_at") VALUES (?, ?, ?, ?)[0m  [["key", "environment"], ["value", "development"], ["created_at", "2018-08-06 03:44:34.717811"], ["updated_at", "2018-08-06 03:44:34.717811"]]
  ↳ /Users/yumei-newmbp/.rbenv/versions/2.5.1/bin/rake:23
  [1m[35m (1.4ms)[0m  [1m[36mcommit transaction[0m
  ↳ /Users/yumei-newmbp/.rbenv/versions/2.5.1/bin/rake:23
  [1m[35m (0.1ms)[0m  [1m[34mSELECT "schema_migrations"."version" FROM "schema_migrations" ORDER BY "schema_migrations"."version" ASC[0m
  ↳ /Users/yumei-newmbp/.rbenv/versions/2.5.1/bin/rake:23
  [1m[35m (0.2ms)[0m  [1m[34mSELECT "schema_migrations"."version" FROM "schema_migrations" ORDER BY "schema_migrations"."version" ASC[0m
  ↳ /Users/yumei-newmbp/.rbenv/versions/2.5.1/bin/rake:23
Started GET "/" for 127.0.0.1 at 2018-08-05 23:51:29 -0400
Processing by VisitorsController#new as HTML
  Rendering visitors/new.html.erb within layouts/application
  Rendered visitors/new.html.erb within layouts/application (41.0ms)
Started GET "/" for 127.0.0.1 at 2018-08-05 23:51:33 -0400
Processing by VisitorsController#new as HTML
  Rendering visitors/new.html.erb within layouts/application
  Rendered visitors/new.html.erb within layouts/application (1.7ms)
  Rendered layouts/_navigation_links.html.erb (0.4ms)
  Rendered layouts/_navigation.html.erb (3.0ms)
  Rendered layouts/_messages.html.erb (0.4ms)
Completed 200 OK in 3485ms (Views: 3468.4ms | ActiveRecord: 0.0ms)


  Rendered layouts/_navigation_links.html.erb (0.5ms)
  Rendered layouts/_navigation.html.erb (3.7ms)
  Rendered layouts/_messages.html.erb (0.3ms)
Completed 200 OK in 212ms (Views: 210.2ms | ActiveRecord: 0.0ms)


Started GET "/" for 127.0.0.1 at 2018-08-05 23:51:54 -0400
Processing by VisitorsController#new as HTML
  Rendering visitors/new.html.erb within layouts/application
  Rendered visitors/new.html.erb within layouts/application (1.1ms)
  Rendered layouts/_navigation_links.html.erb (0.5ms)
  Rendered layouts/_navigation.html.erb (2.7ms)
  Rendered layouts/_messages.html.erb (0.4ms)
Completed 200 OK in 74ms (Views: 71.0ms | ActiveRecord: 0.0ms)


Started GET "/pages/about" for 127.0.0.1 at 2018-08-05 23:51:55 -0400
Processing by HighVoltage::PagesController#show as HTML
  Parameters: {"id"=>"about"}
  Rendering pages/about.html.erb within layouts/application
  Rendered pages/about.html.erb within layouts/application (0.5ms)
  Rendered layouts/_navigation_links.html.erb (0.5ms)
  Rendered layouts/_navigation.html.erb (2.5ms)
  Rendered layouts/_messages.html.erb (0.4ms)
Completed 200 OK in 66ms (Views: 65.5ms | ActiveRecord: 0.0ms)


Started GET "/contacts/new" for 127.0.0.1 at 2018-08-05 23:51:57 -0400
Processing by ContactsController#new as HTML
  Rendering contacts/new.html.erb within layouts/application
  Rendered contacts/new.html.erb within layouts/application (60.9ms)
  Rendered layouts/_navigation_links.html.erb (0.3ms)
  Rendered layouts/_navigation.html.erb (2.0ms)
  Rendered layouts/_messages.html.erb (0.3ms)
Completed 200 OK in 134ms (Views: 123.3ms | ActiveRecord: 0.0ms)


Started GET "/" for 127.0.0.1 at 2018-08-05 23:52:00 -0400
Processing by VisitorsController#new as HTML
  Rendering visitors/new.html.erb within layouts/application
  Rendered visitors/new.html.erb within layouts/application (1.9ms)
  Rendered layouts/_navigation_links.html.erb (0.4ms)
  Rendered layouts/_navigation.html.erb (2.1ms)
  Rendered layouts/_messages.html.erb (0.3ms)
Completed 200 OK in 67ms (Views: 64.3ms | ActiveRecord: 0.0ms)


Started GET "/" for 127.0.0.1 at 2018-08-05 23:56:04 -0400
Processing by VisitorsController#new as HTML
  Rendering visitors/new.html.erb within layouts/application
  Rendered visitors/new.html.erb within layouts/application (14.6ms)
  Rendered layouts/_navigation_links.html.erb (0.6ms)
  Rendered layouts/_navigation.html.erb (3.2ms)
  Rendered layouts/_messages.html.erb (0.5ms)
Completed 200 OK in 509ms (Views: 491.7ms | ActiveRecord: 0.0ms)


Started GET "/" for 127.0.0.1 at 2018-08-06 00:02:10 -0400
Processing by VisitorsController#new as HTML
  Rendering visitors/new.html.erb within layouts/application
  Rendered visitors/new.html.erb within layouts/application (6.4ms)
  Rendered layouts/_navigation_links.html.erb (1.1ms)
  Rendered layouts/_navigation.html.erb (4.5ms)
  Rendered layouts/_messages.html.erb (0.6ms)
Completed 200 OK in 116ms (Views: 108.2ms | ActiveRecord: 0.0ms)


Started GET "/" for 127.0.0.1 at 2018-08-06 00:03:13 -0400
Processing by VisitorsController#new as HTML
  Rendering visitors/new.html.erb within layouts/application
  Rendered visitors/new.html.erb within layouts/application (1.1ms)
  Rendered layouts/_navigation_links.html.erb (1.0ms)
  Rendered layouts/_navigation.html.erb (4.2ms)
  Rendered layouts/_messages.html.erb (0.5ms)
Completed 200 OK in 92ms (Views: 89.8ms | ActiveRecord: 0.0ms)


